********************************************************************************
*                    Tuesday, December 20, 2016 11:31:25 PM                    *
********************************************************************************
CSharpCompilerWrapper.exe version: 1.10.0.0
Platform: Windows
Target assembly: Assembly-CSharp.dll
Project directory: E:\dev\UnityCore
Unity 'Data' or 'Frameworks' directory: C:/Program Files/Unity/Editor/Data
Compiler: Microsoft C# 6.0

- Compilation -----------------------------------------------

Process: E:\dev\UnityCore\CSharp60Support\Roslyn\csc.exe
Arguments: -nostdlib+ -noconfig -nologo -r:"C:/Program Files/Unity/Editor/Data\Mono/lib/mono/2.0/mscorlib.dll" -r:"C:/Program Files/Unity/Editor/Data\Mono/lib/mono/2.0/System.dll" -r:"C:/Program Files/Unity/Editor/Data\Mono/lib/mono/2.0/System.Core.dll" -r:"C:/Program Files/Unity/Editor/Data\Mono/lib/mono/2.0/System.Xml.dll" @Temp/UnityTempFile-e7fd55dad9467f14cace437e3155e064
Exit code: 0
Elapsed time: 0.64 sec

- Compiler output (0 lines):

- Compiler errors (1 line):
0: Assets\UnityCore\Console\CoreConsole.cs(77,18): warning CS0414: The field 'CoreConsole.redundantLogs' is assigned but its value is never used

- PDB to MDB conversion --------------------------------------

Process: E:\dev\UnityCore\CSharp60Support\Roslyn\pdb2mdb.exe
Arguments: Temp\Assembly-CSharp.dll
Exit code: 0
Elapsed time: 0.04 sec

- pdb2mdb.exe output (0 lines):
********************************************************************************
*                    Tuesday, December 20, 2016 11:31:26 PM                    *
********************************************************************************
CSharpCompilerWrapper.exe version: 1.10.0.0
Platform: Windows
Target assembly: Assembly-CSharp-Editor.dll
Project directory: E:\dev\UnityCore
Unity 'Data' or 'Frameworks' directory: C:/Program Files/Unity/Editor/Data
Compiler: Microsoft C# 6.0

- Compilation -----------------------------------------------

Process: E:\dev\UnityCore\CSharp60Support\Roslyn\csc.exe
Arguments: -nostdlib+ -noconfig -nologo -r:"C:/Program Files/Unity/Editor/Data\Mono/lib/mono/2.0/mscorlib.dll" -r:"C:/Program Files/Unity/Editor/Data\Mono/lib/mono/2.0/System.dll" -r:"C:/Program Files/Unity/Editor/Data\Mono/lib/mono/2.0/System.Core.dll" -r:"C:/Program Files/Unity/Editor/Data\Mono/lib/mono/2.0/System.Xml.dll" @Temp/UnityTempFile-1922ed2bbb7f7404dadbbbda46566684
Exit code: 0
Elapsed time: 0.41 sec

- Compiler output (0 lines):

- Compiler errors (0 lines):

- PDB to MDB conversion --------------------------------------

Process: E:\dev\UnityCore\CSharp60Support\Roslyn\pdb2mdb.exe
Arguments: Temp\Assembly-CSharp-Editor.dll
Exit code: 0
Elapsed time: 0.03 sec

- pdb2mdb.exe output (0 lines):
